101230 21:08:25 mysqld_safe Starting mysqld daemon with databases from /Applications/MEMP/Library/data
101230 21:08:25 [Warning] Setting lower_case_table_names=2 because file system for /Applications/MEMP/Library/data/ is case insensitive
101230 21:08:25 [Note] Plugin 'FEDERATED' is disabled.
InnoDB: The InnoDB memory heap is disabled
InnoDB: Mutexes and rw_locks use GCC atomic builtins
InnoDB: Compressed tables use zlib 1.2.3
101230 21:08:25  InnoDB: Initializing buffer pool, size = 128.0M
101230 21:08:25  InnoDB: Completed initialization of buffer pool
101230 21:08:25  InnoDB: highest supported file format is Barracuda.
101230 21:08:26  InnoDB: 1.1.4 started; log sequence number 1595675
101230 21:08:26 [ERROR] Can't start server : Bind on unix socket: Permission denied
101230 21:08:26 [ERROR] Do you already have another mysqld server running on socket: /Applications/MEMP/tmp/mysql/mysql.sock ?
101230 21:08:26 [ERROR] Aborting

101230 21:08:26  InnoDB: Starting shutdown...
101230 21:08:27  InnoDB: Shutdown completed; log sequence number 1595675
101230 21:08:27 [Note] /Applications/MEMP/Library/bin/mysqld: Shutdown complete

101230 21:08:27 mysqld_safe mysqld from pid file /Applications/MEMP/Library/data/mysql.pid ended
101230 21:34:05 mysqld_safe Starting mysqld daemon with databases from /Applications/MEMP/Library/data
101230 21:34:05 [Warning] Setting lower_case_table_names=2 because file system for /Applications/MEMP/Library/data/ is case insensitive
101230 21:34:05 [Note] Plugin 'FEDERATED' is disabled.
InnoDB: The InnoDB memory heap is disabled
InnoDB: Mutexes and rw_locks use GCC atomic builtins
InnoDB: Compressed tables use zlib 1.2.3
101230 21:34:06  InnoDB: Initializing buffer pool, size = 128.0M
101230 21:34:06  InnoDB: Completed initialization of buffer pool
101230 21:34:06  InnoDB: highest supported file format is Barracuda.
101230 21:34:06  InnoDB: 1.1.4 started; log sequence number 1595675
101230 21:34:06 [Note] Event Scheduler: Loaded 0 events
101230 21:34:06 [Note] /Applications/MEMP/Library/bin/mysqld: ready for connections.
Version: '5.5.8'  socket: '/Applications/MEMP/tmp/mysql.sock'  port: 3306  MySQL Community Server (GPL)
101230 21:37:26 [Note] /Applications/MEMP/Library/bin/mysqld: Normal shutdown

101230 21:37:26 [Note] Event Scheduler: Purging the queue. 0 events
101230 21:37:28 [Warning] /Applications/MEMP/Library/bin/mysqld: Forcing close of thread 1  user: 'jyr'

101230 21:37:28  InnoDB: Starting shutdown...
101230 21:37:29  InnoDB: Shutdown completed; log sequence number 1595675
101230 21:37:29 [Note] /Applications/MEMP/Library/bin/mysqld: Shutdown complete

101230 21:37:29 mysqld_safe mysqld from pid file /Applications/MEMP/Library/data/mysql.pid ended
101230 21:38:20 mysqld_safe Starting mysqld daemon with databases from /Applications/MEMP/Library/data
101230 21:38:20 [Warning] Setting lower_case_table_names=2 because file system for /Applications/MEMP/Library/data/ is case insensitive
101230 21:38:20 [Note] Plugin 'FEDERATED' is disabled.
InnoDB: The InnoDB memory heap is disabled
InnoDB: Mutexes and rw_locks use GCC atomic builtins
InnoDB: Compressed tables use zlib 1.2.3
101230 21:38:20  InnoDB: Initializing buffer pool, size = 128.0M
101230 21:38:20  InnoDB: Completed initialization of buffer pool
101230 21:38:20  InnoDB: highest supported file format is Barracuda.
101230 21:38:20  InnoDB: 1.1.4 started; log sequence number 1595675
101230 21:38:20 [Note] Event Scheduler: Loaded 0 events
101230 21:38:20 [Note] /Applications/MEMP/Library/bin/mysqld: ready for connections.
Version: '5.5.8'  socket: '/Applications/MEMP/tmp/mysql/mysql.sock'  port: 3306  MySQL Community Server (GPL)
101230 21:42:04 [Note] /Applications/MEMP/Library/bin/mysqld: Normal shutdown

101230 21:42:04 [Note] Event Scheduler: Purging the queue. 0 events
101230 21:42:04  InnoDB: Starting shutdown...
101230 21:42:04  InnoDB: Shutdown completed; log sequence number 1595675
101230 21:42:04 [Note] /Applications/MEMP/Library/bin/mysqld: Shutdown complete

101230 21:42:04 mysqld_safe mysqld from pid file /Applications/MEMP/Library/data/mysql.pid ended
101230 21:43:43 mysqld_safe Starting mysqld daemon with databases from /Applications/MEMP/Library/data
101230 21:43:43 [Warning] You have forced lower_case_table_names to 0 through a command-line option, even though your file system '/Applications/MEMP/Library/data/' is case insensitive.  This means that you can corrupt a MyISAM table by accessing it with different cases. You should consider changing lower_case_table_names to 1 or 2
101230 21:43:43 [Note] Plugin 'FEDERATED' is disabled.
InnoDB: The InnoDB memory heap is disabled
InnoDB: Mutexes and rw_locks use GCC atomic builtins
InnoDB: Compressed tables use zlib 1.2.3
101230 21:43:43  InnoDB: Initializing buffer pool, size = 128.0M
101230 21:43:43  InnoDB: Completed initialization of buffer pool
101230 21:43:43  InnoDB: highest supported file format is Barracuda.
101230 21:43:43  InnoDB: 1.1.4 started; log sequence number 1595675
101230 21:43:43 [Note] Event Scheduler: Loaded 0 events
101230 21:43:43 [Note] /usr/local/mysql/bin/mysqld: ready for connections.
Version: '5.5.8'  socket: '/Applications/MEMP/tmp/mysql/mysql.sock'  port: 3306  MySQL Community Server (GPL)
101230 21:52:00 [Note] /usr/local/mysql/bin/mysqld: Normal shutdown

101230 21:52:00 [Note] Event Scheduler: Purging the queue. 0 events
101230 21:52:00  InnoDB: Starting shutdown...
101230 21:52:01  InnoDB: Shutdown completed; log sequence number 1595675
101230 21:52:01 [Note] /usr/local/mysql/bin/mysqld: Shutdown complete

101230 21:52:01 mysqld_safe mysqld from pid file /Applications/MEMP/tmp/mysql/mysql.pid ended
101230 21:52:38 mysqld_safe The file /usr/local/mysql/bin/mysqld
does not exist or is not executable. Please cd to the mysql installation
directory and restart this script from there as follows:
./bin/mysqld_safe&
See http://dev.mysql.com/doc/mysql/en/mysqld-safe.html for more information
101230 21:53:28 mysqld_safe Starting mysqld daemon with databases from /Applications/MEMP/Library/data
101230 21:53:28 [Warning] You have forced lower_case_table_names to 0 through a command-line option, even though your file system '/Applications/MEMP/Library/data/' is case insensitive.  This means that you can corrupt a MyISAM table by accessing it with different cases. You should consider changing lower_case_table_names to 1 or 2
101230 21:53:28 [Note] Plugin 'FEDERATED' is disabled.
InnoDB: The InnoDB memory heap is disabled
InnoDB: Mutexes and rw_locks use GCC atomic builtins
InnoDB: Compressed tables use zlib 1.2.3
101230 21:53:28  InnoDB: Initializing buffer pool, size = 128.0M
101230 21:53:28  InnoDB: Completed initialization of buffer pool
101230 21:53:28  InnoDB: highest supported file format is Barracuda.
101230 21:53:28  InnoDB: 1.1.4 started; log sequence number 1595675
101230 21:53:28 [Note] Event Scheduler: Loaded 0 events
101230 21:53:28 [Note] /usr/local/mysql/bin/mysqld: ready for connections.
Version: '5.5.8'  socket: '/Applications/MEMP/tmp/mysql/mysql.sock'  port: 3306  MySQL Community Server (GPL)
101230 22:00:00 [Note] /usr/local/mysql/bin/mysqld: Normal shutdown

101230 22:00:00 [Note] Event Scheduler: Purging the queue. 0 events
101230 22:00:00  InnoDB: Starting shutdown...
101230 22:00:00  InnoDB: Shutdown completed; log sequence number 1595675
101230 22:00:00 [Note] /usr/local/mysql/bin/mysqld: Shutdown complete

101230 22:00:00 mysqld_safe mysqld from pid file /Applications/MEMP/tmp/mysql/mysql.pid ended
101230 22:00:15 mysqld_safe Starting mysqld daemon with databases from /Applications/MEMP/Library/data
101230 22:00:15 [Warning] You have forced lower_case_table_names to 0 through a command-line option, even though your file system '/Applications/MEMP/Library/data/' is case insensitive.  This means that you can corrupt a MyISAM table by accessing it with different cases. You should consider changing lower_case_table_names to 1 or 2
101230 22:00:15 [Note] Plugin 'FEDERATED' is disabled.
InnoDB: The InnoDB memory heap is disabled
InnoDB: Mutexes and rw_locks use GCC atomic builtins
InnoDB: Compressed tables use zlib 1.2.3
101230 22:00:15  InnoDB: Initializing buffer pool, size = 128.0M
101230 22:00:15  InnoDB: Completed initialization of buffer pool
101230 22:00:15  InnoDB: highest supported file format is Barracuda.
101230 22:00:15  InnoDB: 1.1.4 started; log sequence number 1595675
101230 22:00:15 [Note] Event Scheduler: Loaded 0 events
101230 22:00:15 [Note] /usr/local/mysql/bin/mysqld: ready for connections.
Version: '5.5.8'  socket: '/Applications/MEMP/tmp/mysql/mysql.sock'  port: 3306  MySQL Community Server (GPL)
101231  1:25:34 [Note] /usr/local/mysql/bin/mysqld: Normal shutdown

101231  1:25:34 [Note] Event Scheduler: Purging the queue. 0 events
101231  1:25:34  InnoDB: Starting shutdown...
101231  1:25:35  InnoDB: Shutdown completed; log sequence number 1595675
101231  1:25:35 [Note] /usr/local/mysql/bin/mysqld: Shutdown complete

101231 01:25:35 mysqld_safe mysqld from pid file /Applications/MEMP/tmp/mysql/mysql.pid ended
101231 13:05:21 mysqld_safe The file /usr/local/mysql/bin/mysqld
does not exist or is not executable. Please cd to the mysql installation
directory and restart this script from there as follows:
./bin/mysqld_safe&
See http://dev.mysql.com/doc/mysql/en/mysqld-safe.html for more information
101231 13:06:17 mysqld_safe Starting mysqld daemon with databases from /Applications/MEMP/Library/mysql/data
101231 13:06:17 [Warning] You have forced lower_case_table_names to 0 through a command-line option, even though your file system '/Applications/MEMP/Library/mysql/data/' is case insensitive.  This means that you can corrupt a MyISAM table by accessing it with different cases. You should consider changing lower_case_table_names to 1 or 2
101231 13:06:17 [Note] Plugin 'FEDERATED' is disabled.
InnoDB: The InnoDB memory heap is disabled
InnoDB: Mutexes and rw_locks use GCC atomic builtins
InnoDB: Compressed tables use zlib 1.2.3
101231 13:06:17  InnoDB: Initializing buffer pool, size = 128.0M
101231 13:06:17  InnoDB: Completed initialization of buffer pool
101231 13:06:17  InnoDB: highest supported file format is Barracuda.
101231 13:06:17  InnoDB: 1.1.4 started; log sequence number 1595675
101231 13:06:18 [Note] Event Scheduler: Loaded 0 events
101231 13:06:18 [Note] /usr/local/mysql/bin/mysqld: ready for connections.
Version: '5.5.8'  socket: '/Applications/MEMP/tmp/mysql/mysql.sock'  port: 3306  MySQL Community Server (GPL)
101231 13:10:38 [Note] /usr/local/mysql/bin/mysqld: Normal shutdown

101231 13:10:38 [Note] Event Scheduler: Purging the queue. 0 events
101231 13:10:38  InnoDB: Starting shutdown...
101231 13:10:38  InnoDB: Shutdown completed; log sequence number 1595675
101231 13:10:38 [Note] /usr/local/mysql/bin/mysqld: Shutdown complete

101231 13:10:38 mysqld_safe mysqld from pid file /Applications/MEMP/tmp/mysql/mysql.pid ended
110101 13:42:51 mysqld_safe Starting mysqld daemon with databases from /Applications/MEMP/Library/mysql/data
110101 13:42:51 [Warning] You have forced lower_case_table_names to 0 through a command-line option, even though your file system '/Applications/MEMP/Library/mysql/data/' is case insensitive.  This means that you can corrupt a MyISAM table by accessing it with different cases. You should consider changing lower_case_table_names to 1 or 2
110101 13:42:51 [Note] Plugin 'FEDERATED' is disabled.
InnoDB: The InnoDB memory heap is disabled
InnoDB: Mutexes and rw_locks use GCC atomic builtins
InnoDB: Compressed tables use zlib 1.2.3
110101 13:42:51  InnoDB: Initializing buffer pool, size = 128.0M
110101 13:42:51  InnoDB: Completed initialization of buffer pool
InnoDB: The first specified data file ./ibdata1 did not exist:
InnoDB: a new database to be created!
110101 13:42:51  InnoDB: Setting file ./ibdata1 size to 10 MB
InnoDB: Database physically writes the file full: wait...
110101 13:42:51  InnoDB: Log file ./ib_logfile0 did not exist: new to be created
InnoDB: Setting log file ./ib_logfile0 size to 5 MB
InnoDB: Database physically writes the file full: wait...
110101 13:42:51  InnoDB: Log file ./ib_logfile1 did not exist: new to be created
InnoDB: Setting log file ./ib_logfile1 size to 5 MB
InnoDB: Database physically writes the file full: wait...
InnoDB: Doublewrite buffer not found: creating new
InnoDB: Doublewrite buffer created
InnoDB: 127 rollback segment(s) active.
InnoDB: Creating foreign key constraint system tables
InnoDB: Foreign key constraint system tables created
110101 13:42:51  InnoDB: 1.1.4 started; log sequence number 0
110101 13:42:51 [Note] Event Scheduler: Loaded 0 events
110101 13:42:51 [Note] /usr/local/mysql/bin/mysqld: ready for connections.
Version: '5.5.8'  socket: '/Applications/MEMP/tmp/mysql/mysql.sock'  port: 3306  MySQL Community Server (GPL)
110101 13:43:15 [Note] /usr/local/mysql/bin/mysqld: Normal shutdown

110101 13:43:15 [Note] Event Scheduler: Purging the queue. 0 events
110101 13:43:15  InnoDB: Starting shutdown...
110101 13:43:15  InnoDB: Shutdown completed; log sequence number 1595675
110101 13:43:15 [Note] /usr/local/mysql/bin/mysqld: Shutdown complete

110101 13:43:15 mysqld_safe mysqld from pid file /Applications/MEMP/tmp/mysql/mysql.pid ended
110101 13:43:48 mysqld_safe Starting mysqld daemon with databases from /Applications/MEMP/Library/mysql/data
110101 13:43:48 [Warning] You have forced lower_case_table_names to 0 through a command-line option, even though your file system '/Applications/MEMP/Library/mysql/data/' is case insensitive.  This means that you can corrupt a MyISAM table by accessing it with different cases. You should consider changing lower_case_table_names to 1 or 2
110101 13:43:48 [Note] Plugin 'FEDERATED' is disabled.
InnoDB: The InnoDB memory heap is disabled
InnoDB: Mutexes and rw_locks use GCC atomic builtins
InnoDB: Compressed tables use zlib 1.2.3
110101 13:43:48  InnoDB: Initializing buffer pool, size = 128.0M
110101 13:43:48  InnoDB: Completed initialization of buffer pool
110101 13:43:48  InnoDB: highest supported file format is Barracuda.
110101 13:43:48  InnoDB: 1.1.4 started; log sequence number 1595675
110101 13:43:48 [Note] Event Scheduler: Loaded 0 events
110101 13:43:48 [Note] /usr/local/mysql/bin/mysqld: ready for connections.
Version: '5.5.8'  socket: '/Applications/MEMP/tmp/mysql/mysql.sock'  port: 3306  MySQL Community Server (GPL)
110101 13:43:56 [Note] /usr/local/mysql/bin/mysqld: Normal shutdown

110101 13:43:56 [Note] Event Scheduler: Purging the queue. 0 events
110101 13:43:56  InnoDB: Starting shutdown...
110101 13:43:56  InnoDB: Shutdown completed; log sequence number 1595675
110101 13:43:56 [Note] /usr/local/mysql/bin/mysqld: Shutdown complete

110101 13:43:56 mysqld_safe mysqld from pid file /Applications/MEMP/tmp/mysql/mysql.pid ended
110101 14:07:34 mysqld_safe Starting mysqld daemon with databases from /Applications/MEMP/Library/mysql/data
110101 14:07:35 [Warning] You have forced lower_case_table_names to 0 through a command-line option, even though your file system '/Applications/MEMP/Library/mysql/data/' is case insensitive.  This means that you can corrupt a MyISAM table by accessing it with different cases. You should consider changing lower_case_table_names to 1 or 2
110101 14:07:35 [Note] Plugin 'FEDERATED' is disabled.
InnoDB: The InnoDB memory heap is disabled
InnoDB: Mutexes and rw_locks use GCC atomic builtins
InnoDB: Compressed tables use zlib 1.2.3
110101 14:07:35  InnoDB: Initializing buffer pool, size = 128.0M
110101 14:07:35  InnoDB: Completed initialization of buffer pool
110101 14:07:35  InnoDB: highest supported file format is Barracuda.
110101 14:07:35  InnoDB: 1.1.4 started; log sequence number 1595675
110101 14:07:35 [Note] Event Scheduler: Loaded 0 events
110101 14:07:35 [Note] /usr/local/mysql/bin/mysqld: ready for connections.
Version: '5.5.8'  socket: '/Applications/MEMP/tmp/mysql/mysql.sock'  port: 3306  MySQL Community Server (GPL)
