Jan 01 14:53:49.441544 [NOTICE] fpm_unix_init_main(), line 284: getrlimit(nofile): max:9223372036854775807, cur:256
Jan 01 14:53:49.441871 [NOTICE] fpm_event_init_main(), line 88: libevent: using kqueue
Jan 01 14:53:49.459090 [NOTICE] fpm_init(), line 52: fpm is running, pid 25579
Jan 01 14:53:49.460779 [NOTICE] fpm_children_make(), line 352: child 25580 (pool default) started
Jan 01 14:53:49.461191 [NOTICE] fpm_children_make(), line 352: child 25581 (pool default) started
Jan 01 14:53:49.462477 [NOTICE] fpm_children_make(), line 352: child 25582 (pool default) started
Jan 01 14:53:49.462798 [NOTICE] fpm_children_make(), line 352: child 25583 (pool default) started
Jan 01 14:53:49.463060 [NOTICE] fpm_children_make(), line 352: child 25584 (pool default) started
Jan 01 14:53:49.463121 [NOTICE] fpm_event_loop(), line 107: libevent: entering main loop
Jan 01 14:56:10.230423 [NOTICE] fpm_got_signal(), line 56: received SIGTERM
Jan 01 14:56:10.230456 [NOTICE] fpm_pctl(), line 256: switching to 'terminating' state
Jan 01 14:56:10.230473 [NOTICE] fpm_pctl_kill_all(), line 172: sending signal 15 SIGTERM to child 25584 (pool default)
Jan 01 14:56:10.230487 [NOTICE] fpm_pctl_kill_all(), line 172: sending signal 15 SIGTERM to child 25583 (pool default)
Jan 01 14:56:10.230499 [NOTICE] fpm_pctl_kill_all(), line 172: sending signal 15 SIGTERM to child 25582 (pool default)
Jan 01 14:56:10.230513 [NOTICE] fpm_pctl_kill_all(), line 172: sending signal 15 SIGTERM to child 25581 (pool default)
Jan 01 14:56:10.230525 [NOTICE] fpm_pctl_kill_all(), line 172: sending signal 15 SIGTERM to child 25580 (pool default)
Jan 01 14:56:10.230534 [NOTICE] fpm_pctl_kill_all(), line 181: 5 children are still alive
Jan 01 14:56:10.232026 [NOTICE] fpm_got_signal(), line 48: received SIGCHLD
Jan 01 14:56:10.232070 [WARNING] fpm_children_bury(), line 215: child 25584 (pool default) exited on signal 15 SIGTERM after 140.771120 seconds from start
Jan 01 14:56:10.232118 [WARNING] fpm_children_bury(), line 215: child 25583 (pool default) exited on signal 15 SIGTERM after 140.771429 seconds from start
Jan 01 14:56:10.232136 [WARNING] fpm_children_bury(), line 215: child 25582 (pool default) exited on signal 15 SIGTERM after 140.771950 seconds from start
Jan 01 14:56:10.232152 [WARNING] fpm_children_bury(), line 215: child 25581 (pool default) exited on signal 15 SIGTERM after 140.773081 seconds from start
Jan 01 14:56:10.232176 [WARNING] fpm_children_bury(), line 215: child 25580 (pool default) exited on signal 15 SIGTERM after 140.773558 seconds from start
Jan 01 14:56:10.232187 [NOTICE] fpm_pctl_exit(), line 81: exiting, bye-bye!
Jan 01 14:56:30.073789 [NOTICE] fpm_unix_init_main(), line 284: getrlimit(nofile): max:9223372036854775807, cur:256
Jan 01 14:56:30.074077 [NOTICE] fpm_event_init_main(), line 88: libevent: using kqueue
Jan 01 14:56:30.074368 [NOTICE] fpm_init(), line 52: fpm is running, pid 35991
Jan 01 14:56:30.074721 [NOTICE] fpm_children_make(), line 352: child 35992 (pool default) started
Jan 01 14:56:30.076155 [NOTICE] fpm_children_make(), line 352: child 35993 (pool default) started
Jan 01 14:56:30.076905 [NOTICE] fpm_children_make(), line 352: child 35994 (pool default) started
Jan 01 14:56:30.077959 [NOTICE] fpm_children_make(), line 352: child 35995 (pool default) started
Jan 01 14:56:30.078293 [NOTICE] fpm_children_make(), line 352: child 35996 (pool default) started
Jan 01 14:56:30.078359 [NOTICE] fpm_event_loop(), line 107: libevent: entering main loop
Jan 01 15:16:54.612014 [NOTICE] fpm_got_signal(), line 56: received SIGTERM
Jan 01 15:16:54.612047 [NOTICE] fpm_pctl(), line 256: switching to 'terminating' state
Jan 01 15:16:54.612065 [NOTICE] fpm_pctl_kill_all(), line 172: sending signal 15 SIGTERM to child 35996 (pool default)
Jan 01 15:16:54.612079 [NOTICE] fpm_pctl_kill_all(), line 172: sending signal 15 SIGTERM to child 35995 (pool default)
Jan 01 15:16:54.612091 [NOTICE] fpm_pctl_kill_all(), line 172: sending signal 15 SIGTERM to child 35994 (pool default)
Jan 01 15:16:54.612104 [NOTICE] fpm_pctl_kill_all(), line 172: sending signal 15 SIGTERM to child 35993 (pool default)
Jan 01 15:16:54.612280 [NOTICE] fpm_pctl_kill_all(), line 172: sending signal 15 SIGTERM to child 35992 (pool default)
Jan 01 15:16:54.612290 [NOTICE] fpm_pctl_kill_all(), line 181: 5 children are still alive
Jan 01 15:16:54.613424 [NOTICE] fpm_got_signal(), line 48: received SIGCHLD
Jan 01 15:16:54.613463 [WARNING] fpm_children_bury(), line 215: child 35996 (pool default) exited on signal 15 SIGTERM after 1224.555060 seconds from start
Jan 01 15:16:54.613507 [WARNING] fpm_children_bury(), line 215: child 35995 (pool default) exited on signal 15 SIGTERM after 1224.555440 seconds from start
Jan 01 15:16:54.613524 [WARNING] fpm_children_bury(), line 215: child 35994 (pool default) exited on signal 15 SIGTERM after 1224.556516 seconds from start
Jan 01 15:16:54.613540 [WARNING] fpm_children_bury(), line 215: child 35993 (pool default) exited on signal 15 SIGTERM after 1224.557295 seconds from start
Jan 01 15:16:54.613563 [WARNING] fpm_children_bury(), line 215: child 35992 (pool default) exited on signal 15 SIGTERM after 1224.558768 seconds from start
Jan 01 15:16:54.613574 [NOTICE] fpm_pctl_exit(), line 81: exiting, bye-bye!
